[ 2017-08-08T00:42:12+08:00 ] ::1 /ThinkPHP_study/index.php
INFO: [ app_init ] --START--
INFO: Run Behavior\BuildLiteBehavior [ RunTime:0.000010s ]
INFO: [ app_init ] --END-- [ RunTime:0.000074s ]

[ 2017-08-08T01:32:20+08:00 ] ::1 /ThinkPHP_study/index.php
INFO: [ app_init ] --START--
INFO: Run Behavior\BuildLiteBehavior [ RunTime:0.000015s ]
INFO: [ app_init ] --END-- [ RunTime:0.000110s ]
ERR: 1066:Not unique table/alias: 'poetries'
 [ SQL语句 ] : SELECT * FROM `poetries` INNER JOIN poets on poets.poet_id = poets.id INNER JOIN poetries on poetries.poet_id = poets.id  

[ 2017-08-08T01:32:36+08:00 ] ::1 /ThinkPHP_study/index.php
INFO: [ app_init ] --START--
INFO: Run Behavior\BuildLiteBehavior [ RunTime:0.000011s ]
INFO: [ app_init ] --END-- [ RunTime:0.000077s ]

[ 2017-08-08T01:36:43+08:00 ] ::1 /ThinkPHP_study/index.php
INFO: [ app_init ] --START--
INFO: Run Behavior\BuildLiteBehavior [ RunTime:0.000016s ]
INFO: [ app_init ] --END-- [ RunTime:0.000104s ]

[ 2017-08-08T01:37:09+08:00 ] ::1 /ThinkPHP_study/index.php
INFO: [ app_init ] --START--
INFO: Run Behavior\BuildLiteBehavior [ RunTime:0.000009s ]
INFO: [ app_init ] --END-- [ RunTime:0.000066s ]

[ 2017-08-08T01:51:08+08:00 ] ::1 /ThinkPHP_study/index.php
INFO: [ app_init ] --START--
INFO: Run Behavior\BuildLiteBehavior [ RunTime:0.000008s ]
INFO: [ app_init ] --END-- [ RunTime:0.000064s ]

[ 2017-08-08T01:52:27+08:00 ] ::1 /ThinkPHP_study/index.php
INFO: [ app_init ] --START--
INFO: Run Behavior\BuildLiteBehavior [ RunTime:0.000015s ]
INFO: [ app_init ] --END-- [ RunTime:0.000094s ]

[ 2017-08-08T01:53:00+08:00 ] ::1 /ThinkPHP_study/index.php
INFO: [ app_init ] --START--
INFO: Run Behavior\BuildLiteBehavior [ RunTime:0.000008s ]
INFO: [ app_init ] --END-- [ RunTime:0.000051s ]

[ 2017-08-08T01:53:19+08:00 ] ::1 /ThinkPHP_study/index.php
INFO: [ app_init ] --START--
INFO: Run Behavior\BuildLiteBehavior [ RunTime:0.000010s ]
INFO: [ app_init ] --END-- [ RunTime:0.000069s ]

